<?xml version="1.0" encoding="UTF-8"?>
<!-- Generated by org.testng.reporters.JUnitReportReporter -->
<testsuite hostname="DESKTOP-B73A7GD" name="Automation2.HealthIns" tests="1" failures="0" timestamp="9 Dec 2019 05:04:52 GMT" time="35.021" errors="0">
  <testcase name="test" time="35.021" classname="Automation2.HealthIns"/>
</testsuite> <!-- Automation2.HealthIns -->
