<?xml version="1.0" encoding="UTF-8"?>
<!-- Generated by org.testng.reporters.JUnitReportReporter -->
<testsuite hostname="DESKTOP-B73A7GD" name="Automation1.TestClass1" tests="1" failures="0" timestamp="6 Dec 2019 09:53:29 GMT" time="14.680" errors="0">
  <testcase name="test3" time="14.680" classname="Automation1.TestClass1"/>
</testsuite> <!-- Automation1.TestClass1 -->
