<?xml version="1.0" encoding="UTF-8"?>
<!-- Generated by org.testng.reporters.JUnitReportReporter -->
<testsuite hostname="DESKTOP-B73A7GD" name="Automation1.TestClass" tests="1" failures="0" timestamp="6 Dec 2019 10:19:49 GMT" time="14.742" errors="0">
  <testcase name="t2" time="14.742" classname="Automation1.TestClass"/>
</testsuite> <!-- Automation1.TestClass -->
